Connecting to database specified by database.yml
Connecting to database specified by database.yml
Connecting to database specified by database.yml
Connecting to database specified by database.yml
  [1m[36m (0.0ms)[0m  [1mselect sqlite_version(*)[0m
  [1m[35m (46.0ms)[0m  CREATE TABLE "schema_migrations" ("version" varchar(255) NOT NULL) 
  [1m[36m (23.0ms)[0m  [1mCREATE UNIQUE INDEX "unique_schema_migrations" ON "schema_migrations" ("version")[0m
  [1m[35m (0.0ms)[0m  SELECT "schema_migrations"."version" FROM "schema_migrations" 
Migrating to DeviseCreateUsers (20140707223056)
  [1m[36m (0.0ms)[0m  [1mbegin transaction[0m
  [1m[35m (1.0ms)[0m  CREATE TABLE "users" ("id" INTEGER PRIMARY KEY AUTOINCREMENT NOT NULL, "email" varchar(255) DEFAULT '' NOT NULL, "encrypted_password" varchar(255) DEFAULT '' NOT NULL, "reset_password_token" varchar(255), "reset_password_sent_at" datetime, "remember_created_at" datetime, "sign_in_count" integer DEFAULT 0 NOT NULL, "current_sign_in_at" datetime, "last_sign_in_at" datetime, "current_sign_in_ip" varchar(255), "last_sign_in_ip" varchar(255), "created_at" datetime NOT NULL, "updated_at" datetime NOT NULL) 
  [1m[36m (1.0ms)[0m  [1mCREATE UNIQUE INDEX "index_users_on_email" ON "users" ("email")[0m
  [1m[35m (1.0ms)[0m  CREATE UNIQUE INDEX "index_users_on_reset_password_token" ON "users" ("reset_password_token")
  [1m[36m (0.0ms)[0m  [1mINSERT INTO "schema_migrations" ("version") VALUES ('20140707223056')[0m
  [1m[35m (60.0ms)[0m  commit transaction
  [1m[36m (0.0ms)[0m  [1mSELECT "schema_migrations"."version" FROM "schema_migrations" [0m
Connecting to database specified by database.yml


Started GET "/assets/rails.png" for 127.0.0.1 at 2014-07-07 15:33:27 -0700
Served asset /rails.png - 200 OK (34ms)


Started GET "/users/sign_up" for 127.0.0.1 at 2014-07-07 15:41:11 -0700
Processing by Devise::RegistrationsController#new as HTML
  Rendered devise/shared/_links.erb (1.0ms)
  Rendered devise/registrations/new.html.erb within layouts/application (126.0ms)
Compiled application.css  (0ms)  (pid 23860)
Compiled jquery.js  (3ms)  (pid 23860)
Compiled jquery_ujs.js  (0ms)  (pid 23860)
Compiled application.js  (107ms)  (pid 23860)
Completed 200 OK in 379ms (Views: 362.0ms | ActiveRecord: 5.0ms)


Started GET "/assets/application.css?body=1" for 127.0.0.1 at 2014-07-07 15:41:11 -0700
Served asset /application.css - 200 OK (5ms)


Started GET "/assets/jquery.js?body=1" for 127.0.0.1 at 2014-07-07 15:41:11 -0700
Served asset /jquery.js - 200 OK (24ms)


Started GET "/assets/jquery_ujs.js?body=1" for 127.0.0.1 at 2014-07-07 15:41:11 -0700
Served asset /jquery_ujs.js - 200 OK (3ms)


Started GET "/assets/application.js?body=1" for 127.0.0.1 at 2014-07-07 15:41:11 -0700
Served asset /application.js - 200 OK (6ms)


Started GET "/users/sign_in" for 127.0.0.1 at 2014-07-07 15:41:19 -0700
Processing by Devise::SessionsController#new as HTML
  Rendered devise/shared/_links.erb (1.0ms)
  Rendered devise/sessions/new.html.erb within layouts/application (6.0ms)
Completed 200 OK in 20ms (Views: 14.0ms | ActiveRecord: 0.0ms)
Connecting to database specified by database.yml
  [1m[36m (126.0ms)[0m  [1mCREATE TABLE "schema_migrations" ("version" character varying(255) NOT NULL) [0m
  [1m[35m (11.0ms)[0m  CREATE UNIQUE INDEX "unique_schema_migrations" ON "schema_migrations" ("version")
  [1m[36m (3.0ms)[0m  [1mSELECT "schema_migrations"."version" FROM "schema_migrations" [0m
Migrating to DeviseCreateUsers (20140707223056)
  [1m[35m (1.0ms)[0m  BEGIN
  [1m[36m (61.0ms)[0m  [1mCREATE TABLE "users" ("id" serial primary key, "email" character varying(255) DEFAULT '' NOT NULL, "encrypted_password" character varying(255) DEFAULT '' NOT NULL, "reset_password_token" character varying(255), "reset_password_sent_at" timestamp, "remember_created_at" timestamp, "sign_in_count" integer DEFAULT 0 NOT NULL, "current_sign_in_at" timestamp, "last_sign_in_at" timestamp, "current_sign_in_ip" character varying(255), "last_sign_in_ip" character varying(255), "created_at" timestamp NOT NULL, "updated_at" timestamp NOT NULL) [0m
  [1m[35m (6.0ms)[0m  CREATE UNIQUE INDEX "index_users_on_email" ON "users" ("email")
  [1m[36m (5.0ms)[0m  [1mCREATE UNIQUE INDEX "index_users_on_reset_password_token" ON "users" ("reset_password_token")[0m
  [1m[35m (4.0ms)[0m  INSERT INTO "schema_migrations" ("version") VALUES ('20140707223056')
  [1m[36m (29.0ms)[0m  [1mCOMMIT[0m
  [1m[35m (1.0ms)[0m  SELECT "schema_migrations"."version" FROM "schema_migrations" 
Connecting to database specified by database.yml
Connecting to database specified by database.yml


Started GET "/users/sign_up" for 127.0.0.1 at 2014-07-07 16:25:55 -0700
Processing by Devise::RegistrationsController#new as HTML
  Rendered devise/shared/_links.erb (2.0ms)
  Rendered devise/registrations/new.html.erb within layouts/application (60.0ms)
Completed 200 OK in 233ms (Views: 196.0ms | ActiveRecord: 14.0ms)


Started GET "/assets/application.css?body=1" for 127.0.0.1 at 2014-07-07 16:25:56 -0700
Served asset /application.css - 304 Not Modified (4ms)


Started GET "/assets/jquery.js?body=1" for 127.0.0.1 at 2014-07-07 16:25:56 -0700
Served asset /jquery.js - 304 Not Modified (5ms)


Started GET "/assets/jquery_ujs.js?body=1" for 127.0.0.1 at 2014-07-07 16:25:56 -0700
Served asset /jquery_ujs.js - 304 Not Modified (10ms)


Started GET "/assets/application.js?body=1" for 127.0.0.1 at 2014-07-07 16:25:56 -0700
Served asset /application.js - 304 Not Modified (7ms)


Started POST "/users" for 127.0.0.1 at 2014-07-07 16:26:05 -0700
Processing by Devise::RegistrationsController#create as HTML
  Parameters: {"utf8"=>"✓", "authenticity_token"=>"Gt2DNnHr9wo5k/sPUBENkhAUcKwHCSGM+cQlamfV/zo=", "user"=>{"email"=>"ctiv@hotmail.com", "password"=>"[FILTERED]", "password_confirmation"=>"[FILTERED]"}, "commit"=>"Sign up"}
  [1m[36m (0.0ms)[0m  [1mBEGIN[0m
  [1m[35mUser Exists (3.0ms)[0m  SELECT 1 AS one FROM "users" WHERE "users"."email" = 'ctiv@hotmail.com' LIMIT 1
  [1m[36m (0.0ms)[0m  [1mROLLBACK[0m
  Rendered devise/shared/_links.erb (1.0ms)
  Rendered devise/registrations/new.html.erb within layouts/application (4.0ms)
Completed 200 OK in 155ms (Views: 10.0ms | ActiveRecord: 0.0ms)


Started GET "/assets/application.css?body=1" for 127.0.0.1 at 2014-07-07 16:26:05 -0700
Served asset /application.css - 304 Not Modified (0ms)


Started GET "/assets/jquery.js?body=1" for 127.0.0.1 at 2014-07-07 16:26:05 -0700
Served asset /jquery.js - 304 Not Modified (0ms)


Started GET "/assets/jquery_ujs.js?body=1" for 127.0.0.1 at 2014-07-07 16:26:05 -0700
Served asset /jquery_ujs.js - 304 Not Modified (0ms)


Started GET "/assets/application.js?body=1" for 127.0.0.1 at 2014-07-07 16:26:05 -0700
Served asset /application.js - 304 Not Modified (1ms)


Started POST "/users" for 127.0.0.1 at 2014-07-07 16:26:16 -0700
Processing by Devise::RegistrationsController#create as HTML
  Parameters: {"utf8"=>"✓", "authenticity_token"=>"Gt2DNnHr9wo5k/sPUBENkhAUcKwHCSGM+cQlamfV/zo=", "user"=>{"email"=>"ctiv@hotmail.com", "password"=>"[FILTERED]", "password_confirmation"=>"[FILTERED]"}, "commit"=>"Sign up"}
  [1m[35m (0.0ms)[0m  BEGIN
  [1m[36mUser Exists (1.0ms)[0m  [1mSELECT 1 AS one FROM "users" WHERE "users"."email" = 'ctiv@hotmail.com' LIMIT 1[0m
  [1m[35mSQL (27.0ms)[0m  INSERT INTO "users" ("created_at", "current_sign_in_at", "current_sign_in_ip", "email", "encrypted_password", "last_sign_in_at", "last_sign_in_ip", "remember_created_at", "reset_password_sent_at", "reset_password_token", "sign_in_count", "updated_at") VALUES ($1, $2, $3, $4, $5, $6, $7, $8, $9, $10, $11, $12) RETURNING "id"  [["created_at", Mon, 07 Jul 2014 23:26:16 UTC +00:00], ["current_sign_in_at", nil], ["current_sign_in_ip", nil], ["email", "ctiv@hotmail.com"], ["encrypted_password", "$2a$10$jPGc.zyIVFX8poZgXnicMu1XTlGgJTaeZff4HKu4pjO./uQlLx35O"], ["last_sign_in_at", nil], ["last_sign_in_ip", nil], ["remember_created_at", nil], ["reset_password_sent_at", nil], ["reset_password_token", nil], ["sign_in_count", 0], ["updated_at", Mon, 07 Jul 2014 23:26:16 UTC +00:00]]
  [1m[36m (24.0ms)[0m  [1mCOMMIT[0m
  [1m[35m (0.0ms)[0m  BEGIN
  [1m[36m (1.0ms)[0m  [1mUPDATE "users" SET "last_sign_in_at" = '2014-07-07 23:26:16.496094', "current_sign_in_at" = '2014-07-07 23:26:16.496094', "last_sign_in_ip" = '127.0.0.1', "current_sign_in_ip" = '127.0.0.1', "sign_in_count" = 1, "updated_at" = '2014-07-07 23:26:16.497094' WHERE "users"."id" = 1[0m
  [1m[35m (0.0ms)[0m  COMMIT
Redirected to http://localhost:3000/
Completed 302 Found in 154ms (ActiveRecord: 0.0ms)


Started GET "/assets/rails.png" for 127.0.0.1 at 2014-07-07 16:26:16 -0700
Served asset /rails.png - 304 Not Modified (4ms)
Connecting to database specified by database.yml
Connecting to database specified by database.yml
Connecting to database specified by database.yml
  [1m[36m (6.0ms)[0m  [1mSELECT "schema_migrations"."version" FROM "schema_migrations" [0m
Migrating to DeviseCreateUsers (20140707223056)
Migrating to AddNameToUsers (20140708013841)
  [1m[35m (0.0ms)[0m  BEGIN
  [1m[36m (90.0ms)[0m  [1mALTER TABLE "users" ADD COLUMN "first_name" character varying(255)[0m
  [1m[35m (0.0ms)[0m  ALTER TABLE "users" ADD COLUMN "last_name" character varying(255)
  [1m[36m (1.0ms)[0m  [1mINSERT INTO "schema_migrations" ("version") VALUES ('20140708013841')[0m
  [1m[35m (42.0ms)[0m  COMMIT
  [1m[36m (0.0ms)[0m  [1mSELECT "schema_migrations"."version" FROM "schema_migrations" [0m
Connecting to database specified by database.yml
Connecting to database specified by database.yml
Connecting to database specified by database.yml
Connecting to database specified by database.yml
Connecting to database specified by database.yml
Connecting to database specified by database.yml
Connecting to database specified by database.yml
Connecting to database specified by database.yml
  [1m[36m (1.0ms)[0m  [1mSELECT "schema_migrations"."version" FROM "schema_migrations" [0m
Migrating to DeviseCreateUsers (20140707223056)
Migrating to AddNameToUsers (20140708013841)
Migrating to CreateAuthentications (20140708014301)
  [1m[35m (0.0ms)[0m  BEGIN
  [1m[36m (43.0ms)[0m  [1mCREATE TABLE "authentications" ("id" serial primary key, "user_id" integer, "provider" character varying(255), "uid" character varying(255), "token" character varying(255), "token_secret" character varying(255), "created_at" timestamp NOT NULL, "updated_at" timestamp NOT NULL) [0m
  [1m[35m (1.0ms)[0m  INSERT INTO "schema_migrations" ("version") VALUES ('20140708014301')
  [1m[36m (70.0ms)[0m  [1mCOMMIT[0m
  [1m[35m (0.0ms)[0m  SELECT "schema_migrations"."version" FROM "schema_migrations" 
Connecting to database specified by database.yml
